[INFO] Scanning for projects...
[INFO] 
[INFO] --------------------< com.solveria:backend-service >--------------------
[INFO] Building Backend Service 1.0.0-SNAPSHOT
[INFO]   from pom.xml
[INFO] --------------------------------[ jar ]---------------------------------
[INFO] 
[INFO] >>> spring-boot:3.4.0:run (default-cli) > test-compile @ backend-service >>>
[INFO] 
[INFO] --- resources:3.3.1:resources (default-resources) @ backend-service ---
[INFO] Copying 1 resource from src\main\resources to target\classes
[INFO] Copying 0 resource from src\main\resources to target\classes
[INFO] 
[INFO] --- compiler:3.13.0:compile (default-compile) @ backend-service ---
[INFO] Recompiling the module because of added or removed source files.
[INFO] Compiling 42 source files with javac [debug parameters release 21] to target\classes
[INFO] /C:/Users/aldoj/Desktop/proyecto-ubicua/backend-service/src/main/java/com/solveria/backendservice/config/security/SecurityConfig.java: C:\Users\aldoj\Desktop\proyecto-ubicua\backend-service\src\main\java\com\solveria\backendservice\config\security\SecurityConfig.java uses or overrides a deprecated API.
[INFO] /C:/Users/aldoj/Desktop/proyecto-ubicua/backend-service/src/main/java/com/solveria/backendservice/config/security/SecurityConfig.java: Recompile with -Xlint:deprecation for details.
[INFO] -------------------------------------------------------------
[ERROR] COMPILATION ERROR : 
[INFO] -------------------------------------------------------------
[ERROR] /C:/Users/aldoj/Desktop/proyecto-ubicua/backend-service/src/main/java/com/solveria/backendservice/travel/application/TripService.java:[51,26] no suitable method found for findOne(org.springframework.data.jpa.domain.Specification<com.solveria.core.shared.base.BaseEntity>)
    method org.springframework.data.repository.query.QueryByExampleExecutor.<S>findOne(org.springframework.data.domain.Example<S>) is not applicable
      (cannot infer type-variable(s) S
        (argument mismatch; org.springframework.data.jpa.domain.Specification<com.solveria.core.shared.base.BaseEntity> cannot be converted to org.springframework.data.domain.Example<S>))
    method org.springframework.data.jpa.repository.JpaSpecificationExecutor.findOne(org.springframework.data.jpa.domain.Specification<com.solveria.backendservice.travel.domain.model.Trip>) is not applicable
      (argument mismatch; org.springframework.data.jpa.domain.Specification<com.solveria.core.shared.base.BaseEntity> cannot be converted to org.springframework.data.jpa.domain.Specification<com.solveria.backendservice.travel.domain.model.Trip>)
[INFO] 1 error
[INFO] -------------------------------------------------------------
[INFO] ------------------------------------------------------------------------
[INFO] BUILD FAILURE
[INFO] ------------------------------------------------------------------------
[INFO] Total time:  10.739 s
[INFO] Finished at: 2026-02-05T10:52:03-04:00
[INFO] ------------------------------------------------------------------------
[ERROR] Failed to execute goal org.apache.maven.plugins:maven-compiler-plugin:3.13.0:compile (default-compile) on project backend-service: Compilation failure
[ERROR] /C:/Users/aldoj/Desktop/proyecto-ubicua/backend-service/src/main/java/com/solveria/backendservice/travel/application/TripService.java:[51,26] no suitable method found for findOne(org.springframework.data.jpa.domain.Specification<com.solveria.core.shared.base.BaseEntity>)
[ERROR]     method org.springframework.data.repository.query.QueryByExampleExecutor.<S>findOne(org.springframework.data.domain.Example<S>) is not applicable
[ERROR]       (cannot infer type-variable(s) S
[ERROR]         (argument mismatch; org.springframework.data.jpa.domain.Specification<com.solveria.core.shared.base.BaseEntity> cannot be converted to org.springframework.data.domain.Example<S>))
[ERROR]     method org.springframework.data.jpa.repository.JpaSpecificationExecutor.findOne(org.springframework.data.jpa.domain.Specification<com.solveria.backendservice.travel.domain.model.Trip>) is not applicable
[ERROR]       (argument mismatch; org.springframework.data.jpa.domain.Specification<com.solveria.core.shared.base.BaseEntity> cannot be converted to org.springframework.data.jpa.domain.Specification<com.solveria.backendservice.travel.domain.model.Trip>)
[ERROR] 
[ERROR] -> [Help 1]
[ERROR] 
[ERROR] To see the full stack trace of the errors, re-run Maven with the -e switch.
[ERROR] Re-run Maven using the -X switch to enable full debug logging.
[ERROR] 
[ERROR] For more information about the errors and possible solutions, please read the following articles:
[ERROR] [Help 1] http://cwiki.apache.org/confluence/display/MAVEN/MojoFailureException
