[INFO] Scanning for projects...
[INFO] 
[INFO] ----------------------< com.solveria:iam-service >----------------------
[INFO] Building IAM Service 1.0.0-SNAPSHOT
[INFO]   from pom.xml
[INFO] --------------------------------[ jar ]---------------------------------
[INFO] 
[INFO] >>> spring-boot:3.4.0:run (default-cli) > test-compile @ iam-service >>>
[INFO] 
[INFO] --- resources:3.3.1:resources (default-resources) @ iam-service ---
[INFO] Copying 3 resources from src\main\resources to target\classes
[INFO] Copying 3 resources from src\main\resources to target\classes
[INFO] 
[INFO] --- compiler:3.13.0:compile (default-compile) @ iam-service ---
[INFO] Recompiling the module because of added or removed source files.
[INFO] Compiling 21 source files with javac [debug parameters release 21] to target\classes
[INFO] /C:/Users/aldoj/Desktop/proyecto-ubicua/iam-service/src/main/java/com/solveria/iamservice/api/exception/dto/ApiErrorResponse.java: Some input files use or override a deprecated API.
[INFO] /C:/Users/aldoj/Desktop/proyecto-ubicua/iam-service/src/main/java/com/solveria/iamservice/api/exception/dto/ApiErrorResponse.java: Recompile with -Xlint:deprecation for details.
[INFO] 
[INFO] --- resources:3.3.1:testResources (default-testResources) @ iam-service ---
[INFO] Copying 2 resources from src\test\resources to target\test-classes
[INFO] 
[INFO] --- compiler:3.13.0:testCompile (default-testCompile) @ iam-service ---
[INFO] Recompiling the module because of changed dependency.
[INFO] Compiling 2 source files with javac [debug parameters release 21] to target\test-classes
[WARNING] /C:/Users/aldoj/Desktop/proyecto-ubicua/iam-service/src/test/java/com/solveria/iamservice/contract/AssignPermissionsToRoleContractTest.java:[34,6] org.springframework.boot.test.mock.mockito.MockBean in org.springframework.boot.test.mock.mockito has been deprecated and marked for removal
[WARNING] /C:/Users/aldoj/Desktop/proyecto-ubicua/iam-service/src/test/java/com/solveria/iamservice/pact/AssignPermissionsToRoleProviderPactTest.java:[52,6] org.springframework.boot.test.mock.mockito.MockBean in org.springframework.boot.test.mock.mockito has been deprecated and marked for removal
[INFO] 
[INFO] <<< spring-boot:3.4.0:run (default-cli) < test-compile @ iam-service <<<
[INFO] 
[INFO] 
[INFO] --- spring-boot:3.4.0:run (default-cli) @ iam-service ---
[INFO] Attaching agents: []

  .   ____          _            __ _ _
 /\\ / ___'_ __ _ _(_)_ __  __ _ \ \ \ \
( ( )\___ | '_ | '_| | '_ \/ _` | \ \ \ \
 \\/  ___)| |_)| | | | | || (_| |  ) ) ) )
  '  |____| .__|_| |_|_| |_\__, | / / / /
 =========|_|==============|___/=/_/_/_/

 :: Spring Boot ::                (v3.4.0)

2026-02-05T10:52:07.633-04:00  INFO 3204 --- [iam-service] [           main] c.s.iamservice.IamServiceApplication     : Starting IamServiceApplication using Java 21.0.9 with PID 3204 (C:\Users\aldoj\Desktop\proyecto-ubicua\iam-service\target\classes started by aldoj in C:\Users\aldoj\Desktop\proyecto-ubicua\iam-service)
2026-02-05T10:52:07.633-04:00  INFO 3204 --- [iam-service] [           main] c.s.iamservice.IamServiceApplication     : No active profile set, falling back to 1 default profile: "default"
2026-02-05T10:52:08.553-04:00  INFO 3204 --- [iam-service] [           main] .s.d.r.c.RepositoryConfigurationDelegate : Multiple Spring Data modules found, entering strict repository configuration mode
2026-02-05T10:52:08.553-04:00  INFO 3204 --- [iam-service] [           main] .s.d.r.c.RepositoryConfigurationDelegate : Bootstrapping Spring Data JPA repositories in DEFAULT mode.
2026-02-05T10:52:08.745-04:00  INFO 3204 --- [iam-service] [           main] .s.d.r.c.RepositoryConfigurationDelegate : Finished Spring Data repository scanning in 181 ms. Found 7 JPA repository interfaces.
2026-02-05T10:52:09.168-04:00  INFO 3204 --- [iam-service] [           main] .s.d.r.c.RepositoryConfigurationDelegate : Multiple Spring Data modules found, entering strict repository configuration mode
2026-02-05T10:52:09.170-04:00  INFO 3204 --- [iam-service] [           main] .s.d.r.c.RepositoryConfigurationDelegate : Bootstrapping Spring Data MongoDB repositories in DEFAULT mode.
2026-02-05T10:52:09.185-04:00  INFO 3204 --- [iam-service] [           main] .s.d.r.c.RepositoryConfigurationDelegate : Finished Spring Data repository scanning in 13 ms. Found 0 MongoDB repository interfaces.
2026-02-05T10:52:09.196-04:00  INFO 3204 --- [iam-service] [           main] .s.d.r.c.RepositoryConfigurationDelegate : Multiple Spring Data modules found, entering strict repository configuration mode
2026-02-05T10:52:09.199-04:00  INFO 3204 --- [iam-service] [           main] .s.d.r.c.RepositoryConfigurationDelegate : Bootstrapping Spring Data Redis repositories in DEFAULT mode.
2026-02-05T10:52:09.214-04:00  INFO 3204 --- [iam-service] [           main] .s.d.r.c.RepositoryConfigurationDelegate : Finished Spring Data repository scanning in 5 ms. Found 0 Redis repository interfaces.
2026-02-05T10:52:10.214-04:00  INFO 3204 --- [iam-service] [           main] o.s.b.w.embedded.tomcat.TomcatWebServer  : Tomcat initialized with port 8080 (http)
2026-02-05T10:52:10.232-04:00  INFO 3204 --- [iam-service] [           main] o.apache.catalina.core.StandardService   : Starting service [Tomcat]
2026-02-05T10:52:10.234-04:00  INFO 3204 --- [iam-service] [           main] o.apache.catalina.core.StandardEngine    : Starting Servlet engine: [Apache Tomcat/10.1.33]
2026-02-05T10:52:10.317-04:00  INFO 3204 --- [iam-service] [           main] o.a.c.c.C.[Tomcat].[localhost].[/]       : Initializing Spring embedded WebApplicationContext
2026-02-05T10:52:10.319-04:00  INFO 3204 --- [iam-service] [           main] w.s.c.ServletWebServerApplicationContext : Root WebApplicationContext: initialization completed in 2627 ms
2026-02-05T10:52:10.592-04:00  WARN 3204 --- [iam-service] [           main] ConfigServletWebServerApplicationContext : Exception encountered during context initialization - cancelling refresh attempt: org.springframework.beans.factory.BeanCreationException: Error creating bean with name 'entityManagerFactory' defined in class path resource [org/springframework/boot/autoconfigure/orm/jpa/HibernateJpaConfiguration.class]: Failed to initialize dependency 'dataSourceScriptDatabaseInitializer' of LoadTimeWeaverAware bean 'entityManagerFactory': Error creating bean with name 'dataSourceScriptDatabaseInitializer' defined in class path resource [org/springframework/boot/autoconfigure/sql/init/DataSourceInitializationConfiguration.class]: Unsatisfied dependency expressed through method 'dataSourceScriptDatabaseInitializer' parameter 0: Error creating bean with name 'dataSource' defined in class path resource [org/springframework/boot/autoconfigure/jdbc/DataSourceConfiguration$Hikari.class]: Failed to instantiate [com.zaxxer.hikari.HikariDataSource]: Factory method 'dataSource' threw exception with message: Failed to determine a suitable driver class
2026-02-05T10:52:10.594-04:00  INFO 3204 --- [iam-service] [           main] o.apache.catalina.core.StandardService   : Stopping service [Tomcat]
2026-02-05T10:52:10.617-04:00  INFO 3204 --- [iam-service] [           main] .s.b.a.l.ConditionEvaluationReportLogger : 

Error starting ApplicationContext. To display the condition evaluation report re-run your application with 'debug' enabled.
2026-02-05T10:52:10.648-04:00 ERROR 3204 --- [iam-service] [           main] o.s.b.d.LoggingFailureAnalysisReporter   : 

***************************
APPLICATION FAILED TO START
***************************

Description:

Failed to configure a DataSource: 'url' attribute is not specified and no embedded datasource could be configured.

Reason: Failed to determine a suitable driver class


Action:

Consider the following:
	If you want an embedded database (H2, HSQL or Derby), please put it on the classpath.
	If you have database settings to be loaded from a particular profile you may need to activate it (no profiles are currently active).

[INFO] ------------------------------------------------------------------------
[INFO] BUILD FAILURE
[INFO] ------------------------------------------------------------------------
[INFO] Total time:  16.327 s
[INFO] Finished at: 2026-02-05T10:52:10-04:00
[INFO] ------------------------------------------------------------------------
[ERROR] Failed to execute goal org.springframework.boot:spring-boot-maven-plugin:3.4.0:run (default-cli) on project iam-service: Process terminated with exit code: 1 -> [Help 1]
[ERROR] 
[ERROR] To see the full stack trace of the errors, re-run Maven with the -e switch.
[ERROR] Re-run Maven using the -X switch to enable full debug logging.
[ERROR] 
[ERROR] For more information about the errors and possible solutions, please read the following articles:
[ERROR] [Help 1] http://cwiki.apache.org/confluence/display/MAVEN/MojoExecutionException
